
==========
== CUDA ==
==========

CUDA Version 13.2.0

Container image Copyright (c) 2016-2023, NVIDIA CORPORATION & AFFILIATES. All rights reserved.

This container image and its contents are governed by the NVIDIA Deep Learning Container License.
By pulling and using the container, you accept the terms and conditions of this license:
https://developer.nvidia.com/ngc/nvidia-deep-learning-container-license

A copy of this license is made available in this container at /NGC-DL-CONTAINER-LICENSE for your convenience.

WARNING: The NVIDIA Driver was not detected.  GPU functionality will not be available.
   Use the NVIDIA Container Toolkit to start this container with GPU support; see
   https://docs.nvidia.com/datacenter/cloud-native/ .

rank - 0
Pynamic: Version 1.3.3
Pynamic: run on 04/14/26 04:25:10 with 1 MPI tasks

Pynamic: driver beginning... now importing modules
Pynamic: driver finished importing all modules... visiting all module functions
Pynamic: module import time = 0.1779801845550537 secs
Pynamic: module visit time = 0.0125732421875 secs
Pynamic: module test passed!

Pynamic: testing mpi capability...

Starting computation (groan)

Header length is  54
BMP size is  (400, 400)
Data length is  480000

Pynamic: fractal mpi time = 2.72878098487854 secs
Pynamic: mpi test passed!

